<?xml version="1.0" encoding="UTF-8"?>
<!-- Generated by org.testng.reporters.JUnitReportReporter -->
<testsuite hostname="OJAS-DD254" name="TestScrepts.Tc_01" tests="1" failures="0" timestamp="29 Mar 2021 08:48:44 GMT" time="1.179" errors="0">
  <testcase name="login" time="1.179" classname="TestScrepts.Tc_01"/>
</testsuite> <!-- TestScrepts.Tc_01 -->
