<?xml version="1.0" encoding="UTF-8"?>
<!-- Generated by org.testng.reporters.JUnitReportReporter -->
<testsuite hostname="OJAS-DD254" name="TestScrepts.Tc_01" tests="1" failures="0" timestamp="26 Mar 2021 04:29:24 GMT" time="0.574" errors="0">
  <testcase name="login" time="0.574" classname="TestScrepts.Tc_01"/>
</testsuite> <!-- TestScrepts.Tc_01 -->
